09:07:49 **** Build of configuration release for project aloha ****
make MODE=release all 
Creating executable: out/clang-release//aloha.exe
09:09:55 **** Incremental Build of configuration release for project aloha ****
make MODE=release all 
make: Nothing to be done for 'all'.
09:15:33 **** Incremental Build of configuration release for project aloha ****
make MODE=release all 
make: Nothing to be done for 'all'.
10:19:27 **** Incremental Build of configuration release for project aloha ****
make MODE=release all 
make: Nothing to be done for 'all'.
10:41:57 **** Incremental Build of configuration release for project aloha ****
make MODE=release all 
make: Nothing to be done for 'all'.
11:02:01 **** Incremental Build of configuration release for project aloha ****
make MODE=release all 
make: Nothing to be done for 'all'.
12:01:53 **** Incremental Build of configuration release for project aloha ****
make MODE=release all 
make: Nothing to be done for 'all'.
12:17:29 **** Incremental Build of configuration release for project aloha ****
make MODE=release all 
make: Nothing to be done for 'all'.
12:20:28 **** Incremental Build of configuration release for project aloha ****
make MODE=release all 
make: Nothing to be done for 'all'.
12:21:06 **** Incremental Build of configuration release for project aloha ****
make MODE=release all 
make: Nothing to be done for 'all'.
12:21:23 **** Incremental Build of configuration release for project aloha ****
make MODE=release all 
make: Nothing to be done for 'all'.
12:21:47 **** Incremental Build of configuration release for project aloha ****
make MODE=release all 
make: Nothing to be done for 'all'.
12:31:01 **** Build of configuration release for project aloha ****
make MODE=release all 
make: Nothing to be done for 'all'.
12:31:25 **** Incremental Build of configuration release for project aloha ****
make MODE=release all 
make: Nothing to be done for 'all'.
